[2019-07-13 17:04:45] local.ERROR: SQLSTATE[HY000] [1049] Unknown database 'tour1' (SQL: select * from `ui_design` where (`page` = home and `section` = banner)) {"exception":"[object] (Illuminate\\Database\\QueryException(code: 1049): SQLSTATE[HY000] [1049] Unknown database 'tour1' (SQL: select * from `ui_design` where (`page` = home and `section` = banner)) at C:\\Users\\Vivek\\Downloads\\Microsoft.SkypeApp_kzf8qxf38zg5c!App\\All\\tour\\vendor\\laravel\\framework\\src\\Illuminate\\Database\\Connection.php:664, PDOException(code: 1049): SQLSTATE[HY000] [1049] Unknown database 'tour1' at C:\\Users\\Vivek\\Downloads\\Microsoft.SkypeApp_kzf8qxf38zg5c!App\\All\\tour\\vendor\\laravel\\framework\\src\\Illuminate\\Database\\Connectors\\Connector.php:70)
[stacktrace]
#0 C:\\Users\\Vivek\\Downloads\\Microsoft.SkypeApp_kzf8qxf38zg5c!App\\All\\tour\\vendor\\laravel\\framework\\src\\Illuminate\\Database\\Connection.php(624): Illuminate\\Database\\Connection->runQueryCallback('select * from `...', Array, Object(Closure))
#1 C:\\Users\\Vivek\\Downloads\\Microsoft.SkypeApp_kzf8qxf38zg5c!App\\All\\tour\\vendor\\laravel\\framework\\src\\Illuminate\\Database\\Connection.php(333): Illuminate\\Database\\Connection->run('select * from `...', Array, Object(Closure))
#2 C:\\Users\\Vivek\\Downloads\\Microsoft.SkypeApp_kzf8qxf38zg5c!App\\All\\tour\\vendor\\laravel\\framework\\src\\Illuminate\\Database\\Query\\Builder.php(2124): Illuminate\\Database\\Connection->select('select * from `...', Array, true)
#3 C:\\Users\\Vivek\\Downloads\\Microsoft.SkypeApp_kzf8qxf38zg5c!App\\All\\tour\\vendor\\laravel\\framework\\src\\Illuminate\\Database\\Query\\Builder.php(2112): Illuminate\\Database\\Query\\Builder->runSelect()
#4 C:\\Users\\Vivek\\Downloads\\Microsoft.SkypeApp_kzf8qxf38zg5c!App\\All\\tour\\vendor\\laravel\\framework\\src\\Illuminate\\Database\\Query\\Builder.php(2598): Illuminate\\Database\\Query\\Builder->Illuminate\\Database\\Query\\{closure}()
#5 C:\\Users\\Vivek\\Downloads\\Microsoft.SkypeApp_kzf8qxf38zg5c!App\\All\\tour\\vendor\\laravel\\framework\\src\\Illuminate\\Database\\Query\\Builder.php(2113): Illuminate\\Database\\Query\\Builder->onceWithColumns(Array, Object(Closure))
#6 C:\\Users\\Vivek\\Downloads\\Microsoft.SkypeApp_kzf8qxf38zg5c!App\\All\\tour\\vendor\\laravel\\framework\\src\\Illuminate\\Database\\Eloquent\\Builder.php(521): Illuminate\\Database\\Query\\Builder->get(Array)
#7 C:\\Users\\Vivek\\Downloads\\Microsoft.SkypeApp_kzf8qxf38zg5c!App\\All\\tour\\vendor\\laravel\\framework\\src\\Illuminate\\Database\\Eloquent\\Builder.php(505): Illuminate\\Database\\Eloquent\\Builder->getModels(Array)
#8 C:\\Users\\Vivek\\Downloads\\Microsoft.SkypeApp_kzf8qxf38zg5c!App\\All\\tour\\app\\Http\\Controllers\\enquiryController.php(52): Illuminate\\Database\\Eloquent\\Builder->get()
#9 [internal function]: App\\Http\\Controllers\\enquiryController->homePage()
#10 C:\\Users\\Vivek\\Downloads\\Microsoft.SkypeApp_kzf8qxf38zg5c!App\\All\\tour\\vendor\\laravel\\framework\\src\\Illuminate\\Routing\\Controller.php(54): call_user_func_array(Array, Array)
#11 C:\\Users\\Vivek\\Downloads\\Microsoft.SkypeApp_kzf8qxf38zg5c!App\\All\\tour\\vendor\\laravel\\framework\\src\\Illuminate\\Routing\\ControllerDispatcher.php(45): Illuminate\\Routing\\Controller->callAction('homePage', Array)
#12 C:\\Users\\Vivek\\Downloads\\Microsoft.SkypeApp_kzf8qxf38zg5c!App\\All\\tour\\vendor\\laravel\\framework\\src\\Illuminate\\Routing\\Route.php(219): Illuminate\\Routing\\ControllerDispatcher->dispatch(Object(Illuminate\\Routing\\Route), Object(App\\Http\\Controllers\\enquiryController), 'homePage')
#13 C:\\Users\\Vivek\\Downloads\\Microsoft.SkypeApp_kzf8qxf38zg5c!App\\All\\tour\\vendor\\laravel\\framework\\src\\Illuminate\\Routing\\Route.php(176): Illuminate\\Routing\\Route->runController()
#14 C:\\Users\\Vivek\\Downloads\\Microsoft.SkypeApp_kzf8qxf38zg5c!App\\All\\tour\\vendor\\laravel\\framework\\src\\Illuminate\\Routing\\Router.php(680): Illuminate\\Routing\\Route->run()
#15 C:\\Users\\Vivek\\Downloads\\Microsoft.SkypeApp_kzf8qxf38zg5c!App\\All\\tour\\vendor\\laravel\\framework\\src\\Illuminate\\Routing\\Pipeline.php(30): Illuminate\\Routing\\Router->Illuminate\\Routing\\{closure}(Object(Illuminate\\Http\\Request))
#16 C:\\Users\\Vivek\\Downloads\\Microsoft.SkypeApp_kzf8qxf38zg5c!App\\All\\tour\\vendor\\laravel\\framework\\src\\Illuminate\\Routing\\Middleware\\SubstituteBindings.php(41): Illuminate\\Routing\\Pipeline->Illuminate\\Routing\\{closure}(Object(Illuminate\\Http\\Request))
#17 C:\\Users\\Vivek\\Downloads\\Microsoft.SkypeApp_kzf8qxf38zg5c!App\\All\\tour\\vendor\\laravel\\framework\\src\\Illuminate\\Pipeline\\Pipeline.php(163): Illuminate\\Routing\\Middleware\\SubstituteBindings->handle(Object(Illuminate\\Http\\Request), Object(Closure))
#18 C:\\Users\\Vivek\\Downloads\\Microsoft.SkypeApp_kzf8qxf38zg5c!App\\All\\tour\\vendor\\laravel\\framework\\src\\Illuminate\\Routing\\Pipeline.php(53): Illuminate\\Pipeline\\Pipeline->Illuminate\\Pipeline\\{closure}(Object(Illuminate\\Http\\Request))
#19 C:\\Users\\Vivek\\Downloads\\Microsoft.SkypeApp_kzf8qxf38zg5c!App\\All\\tour\\vendor\\laravel\\framework\\src\\Illuminate\\Foundation\\Http\\Middleware\\VerifyCsrfToken.php(75): Illuminate\\Routing\\Pipeline->Illuminate\\Routing\\{closure}(Object(Illuminate\\Http\\Request))
#20 C:\\Users\\Vivek\\Downloads\\Microsoft.SkypeApp_kzf8qxf38zg5c!App\\All\\tour\\vendor\\laravel\\framework\\src\\Illuminate\\Pipeline\\Pipeline.php(163): Illuminate\\Foundation\\Http\\Middleware\\VerifyCsrfToken->handle(Object(Illuminate\\Http\\Request), Object(Closure))
#21 C:\\Users\\Vivek\\Downloads\\Microsoft.SkypeApp_kzf8qxf38zg5c!App\\All\\tour\\vendor\\laravel\\framework\\src\\Illuminate\\Routing\\Pipeline.php(53): Illuminate\\Pipeline\\Pipeline->Illuminate\\Pipeline\\{closure}(Object(Illuminate\\Http\\Request))
#22 C:\\Users\\Vivek\\Downloads\\Microsoft.SkypeApp_kzf8qxf38zg5c!App\\All\\tour\\vendor\\laravel\\framework\\src\\Illuminate\\View\\Middleware\\ShareErrorsFromSession.php(49): Illuminate\\Routing\\Pipeline->Illuminate\\Routing\\{closure}(Object(Illuminate\\Http\\Request))
#23 C:\\Users\\Vivek\\Downloads\\Microsoft.SkypeApp_kzf8qxf38zg5c!App\\All\\tour\\vendor\\laravel\\framework\\src\\Illuminate\\Pipeline\\Pipeline.php(163): Illuminate\\View\\Middleware\\ShareErrorsFromSession->handle(Object(Illuminate\\Http\\Request), Object(Closure))
#24 C:\\Users\\Vivek\\Downloads\\Microsoft.SkypeApp_kzf8qxf38zg5c!App\\All\\tour\\vendor\\laravel\\framework\\src\\Illuminate\\Routing\\Pipeline.php(53): Illuminate\\Pipeline\\Pipeline->Illuminate\\Pipeline\\{closure}(Object(Illuminate\\Http\\Request))
#25 C:\\Users\\Vivek\\Downloads\\Microsoft.SkypeApp_kzf8qxf38zg5c!App\\All\\tour\\vendor\\laravel\\framework\\src\\Illuminate\\Session\\Middleware\\StartSession.php(56): Illuminate\\Routing\\Pipeline->Illuminate\\Routing\\{closure}(Object(Illuminate\\Http\\Request))
#26 C:\\Users\\Vivek\\Downloads\\Microsoft.SkypeApp_kzf8qxf38zg5c!App\\All\\tour\\vendor\\laravel\\framework\\src\\Illuminate\\Pipeline\\Pipeline.php(163): Illuminate\\Session\\Middleware\\StartSession->handle(Object(Illuminate\\Http\\Request), Object(Closure))
#27 C:\\Users\\Vivek\\Downloads\\Microsoft.SkypeApp_kzf8qxf38zg5c!App\\All\\tour\\vendor\\laravel\\framework\\src\\Illuminate\\Routing\\Pipeline.php(53): Illuminate\\Pipeline\\Pipeline->Illuminate\\Pipeline\\{closure}(Object(Illuminate\\Http\\Request))
#28 C:\\Users\\Vivek\\Downloads\\Microsoft.SkypeApp_kzf8qxf38zg5c!App\\All\\tour\\vendor\\laravel\\framework\\src\\Illuminate\\Cookie\\Middleware\\AddQueuedCookiesToResponse.php(37): Illuminate\\Routing\\Pipeline->Illuminate\\Routing\\{closure}(Object(Illuminate\\Http\\Request))
#29 C:\\Users\\Vivek\\Downloads\\Microsoft.SkypeApp_kzf8qxf38zg5c!App\\All\\tour\\vendor\\laravel\\framework\\src\\Illuminate\\Pipeline\\Pipeline.php(163): Illuminate\\Cookie\\Middleware\\AddQueuedCookiesToResponse->handle(Object(Illuminate\\Http\\Request), Object(Closure))
#30 C:\\Users\\Vivek\\Downloads\\Microsoft.SkypeApp_kzf8qxf38zg5c!App\\All\\tour\\vendor\\laravel\\framework\\src\\Illuminate\\Routing\\Pipeline.php(53): Illuminate\\Pipeline\\Pipeline->Illuminate\\Pipeline\\{closure}(Object(Illuminate\\Http\\Request))
#31 C:\\Users\\Vivek\\Downloads\\Microsoft.SkypeApp_kzf8qxf38zg5c!App\\All\\tour\\vendor\\laravel\\framework\\src\\Illuminate\\Cookie\\Middleware\\EncryptCookies.php(66): Illuminate\\Routing\\Pipeline->Illuminate\\Routing\\{closure}(Object(Illuminate\\Http\\Request))
#32 C:\\Users\\Vivek\\Downloads\\Microsoft.SkypeApp_kzf8qxf38zg5c!App\\All\\tour\\vendor\\laravel\\framework\\src\\Illuminate\\Pipeline\\Pipeline.php(163): Illuminate\\Cookie\\Middleware\\EncryptCookies->handle(Object(Illuminate\\Http\\Request), Object(Closure))
#33 C:\\Users\\Vivek\\Downloads\\Microsoft.SkypeApp_kzf8qxf38zg5c!App\\All\\tour\\vendor\\laravel\\framework\\src\\Illuminate\\Routing\\Pipeline.php(53): Illuminate\\Pipeline\\Pipeline->Illuminate\\Pipeline\\{closure}(Object(Illuminate\\Http\\Request))
#34 C:\\Users\\Vivek\\Downloads\\Microsoft.SkypeApp_kzf8qxf38zg5c!App\\All\\tour\\vendor\\laravel\\framework\\src\\Illuminate\\Pipeline\\Pipeline.php(104): Illuminate\\Routing\\Pipeline->Illuminate\\Routing\\{closure}(Object(Illuminate\\Http\\Request))
#35 C:\\Users\\Vivek\\Downloads\\Microsoft.SkypeApp_kzf8qxf38zg5c!App\\All\\tour\\vendor\\laravel\\framework\\src\\Illuminate\\Routing\\Router.php(682): Illuminate\\Pipeline\\Pipeline->then(Object(Closure))
#36 C:\\Users\\Vivek\\Downloads\\Microsoft.SkypeApp_kzf8qxf38zg5c!App\\All\\tour\\vendor\\laravel\\framework\\src\\Illuminate\\Routing\\Router.php(657): Illuminate\\Routing\\Router->runRouteWithinStack(Object(Illuminate\\Routing\\Route), Object(Illuminate\\Http\\Request))
#37 C:\\Users\\Vivek\\Downloads\\Microsoft.SkypeApp_kzf8qxf38zg5c!App\\All\\tour\\vendor\\laravel\\framework\\src\\Illuminate\\Routing\\Router.php(623): Illuminate\\Routing\\Router->runRoute(Object(Illuminate\\Http\\Request), Object(Illuminate\\Routing\\Route))
#38 C:\\Users\\Vivek\\Downloads\\Microsoft.SkypeApp_kzf8qxf38zg5c!App\\All\\tour\\vendor\\laravel\\framework\\src\\Illuminate\\Routing\\Router.php(612): Illuminate\\Routing\\Router->dispatchToRoute(Object(Illuminate\\Http\\Request))
#39 C:\\Users\\Vivek\\Downloads\\Microsoft.SkypeApp_kzf8qxf38zg5c!App\\All\\tour\\vendor\\laravel\\framework\\src\\Illuminate\\Foundation\\Http\\Kernel.php(176): Illuminate\\Routing\\Router->dispatch(Object(Illuminate\\Http\\Request))
#40 C:\\Users\\Vivek\\Downloads\\Microsoft.SkypeApp_kzf8qxf38zg5c!App\\All\\tour\\vendor\\laravel\\framework\\src\\Illuminate\\Routing\\Pipeline.php(30): Illuminate\\Foundation\\Http\\Kernel->Illuminate\\Foundation\\Http\\{closure}(Object(Illuminate\\Http\\Request))
#41 C:\\Users\\Vivek\\Downloads\\Microsoft.SkypeApp_kzf8qxf38zg5c!App\\All\\tour\\vendor\\fideloper\\proxy\\src\\TrustProxies.php(57): Illuminate\\Routing\\Pipeline->Illuminate\\Routing\\{closure}(Object(Illuminate\\Http\\Request))
#42 C:\\Users\\Vivek\\Downloads\\Microsoft.SkypeApp_kzf8qxf38zg5c!App\\All\\tour\\vendor\\laravel\\framework\\src\\Illuminate\\Pipeline\\Pipeline.php(163): Fideloper\\Proxy\\TrustProxies->handle(Object(Illuminate\\Http\\Request), Object(Closure))
#43 C:\\Users\\Vivek\\Downloads\\Microsoft.SkypeApp_kzf8qxf38zg5c!App\\All\\tour\\vendor\\laravel\\framework\\src\\Illuminate\\Routing\\Pipeline.php(53): Illuminate\\Pipeline\\Pipeline->Illuminate\\Pipeline\\{closure}(Object(Illuminate\\Http\\Request))
#44 C:\\Users\\Vivek\\Downloads\\Microsoft.SkypeApp_kzf8qxf38zg5c!App\\All\\tour\\vendor\\laravel\\framework\\src\\Illuminate\\Foundation\\Http\\Middleware\\TransformsRequest.php(21): Illuminate\\Routing\\Pipeline->Illuminate\\Routing\\{closure}(Object(Illuminate\\Http\\Request))
#45 C:\\Users\\Vivek\\Downloads\\Microsoft.SkypeApp_kzf8qxf38zg5c!App\\All\\tour\\vendor\\laravel\\framework\\src\\Illuminate\\Pipeline\\Pipeline.php(163): Illuminate\\Foundation\\Http\\Middleware\\TransformsRequest->handle(Object(Illuminate\\Http\\Request), Object(Closure))
#46 C:\\Users\\Vivek\\Downloads\\Microsoft.SkypeApp_kzf8qxf38zg5c!App\\All\\tour\\vendor\\laravel\\framework\\src\\Illuminate\\Routing\\Pipeline.php(53): Illuminate\\Pipeline\\Pipeline->Illuminate\\Pipeline\\{closure}(Object(Illuminate\\Http\\Request))
#47 C:\\Users\\Vivek\\Downloads\\Microsoft.SkypeApp_kzf8qxf38zg5c!App\\All\\tour\\vendor\\laravel\\framework\\src\\Illuminate\\Foundation\\Http\\Middleware\\TransformsRequest.php(21): Illuminate\\Routing\\Pipeline->Illuminate\\Routing\\{closure}(Object(Illuminate\\Http\\Request))
#48 C:\\Users\\Vivek\\Downloads\\Microsoft.SkypeApp_kzf8qxf38zg5c!App\\All\\tour\\vendor\\laravel\\framework\\src\\Illuminate\\Pipeline\\Pipeline.php(163): Illuminate\\Foundation\\Http\\Middleware\\TransformsRequest->handle(Object(Illuminate\\Http\\Request), Object(Closure))
#49 C:\\Users\\Vivek\\Downloads\\Microsoft.SkypeApp_kzf8qxf38zg5c!App\\All\\tour\\vendor\\laravel\\framework\\src\\Illuminate\\Routing\\Pipeline.php(53): Illuminate\\Pipeline\\Pipeline->Illuminate\\Pipeline\\{closure}(Object(Illuminate\\Http\\Request))
#50 C:\\Users\\Vivek\\Downloads\\Microsoft.SkypeApp_kzf8qxf38zg5c!App\\All\\tour\\vendor\\laravel\\framework\\src\\Illuminate\\Foundation\\Http\\Middleware\\ValidatePostSize.php(27): Illuminate\\Routing\\Pipeline->Illuminate\\Routing\\{closure}(Object(Illuminate\\Http\\Request))
#51 C:\\Users\\Vivek\\Downloads\\Microsoft.SkypeApp_kzf8qxf38zg5c!App\\All\\tour\\vendor\\laravel\\framework\\src\\Illuminate\\Pipeline\\Pipeline.php(163): Illuminate\\Foundation\\Http\\Middleware\\ValidatePostSize->handle(Object(Illuminate\\Http\\Request), Object(Closure))
#52 C:\\Users\\Vivek\\Downloads\\Microsoft.SkypeApp_kzf8qxf38zg5c!App\\All\\tour\\vendor\\laravel\\framework\\src\\Illuminate\\Routing\\Pipeline.php(53): Illuminate\\Pipeline\\Pipeline->Illuminate\\Pipeline\\{closure}(Object(Illuminate\\Http\\Request))
#53 C:\\Users\\Vivek\\Downloads\\Microsoft.SkypeApp_kzf8qxf38zg5c!App\\All\\tour\\vendor\\laravel\\framework\\src\\Illuminate\\Foundation\\Http\\Middleware\\CheckForMaintenanceMode.php(62): Illuminate\\Routing\\Pipeline->Illuminate\\Routing\\{closure}(Object(Illuminate\\Http\\Request))
#54 C:\\Users\\Vivek\\Downloads\\Microsoft.SkypeApp_kzf8qxf38zg5c!App\\All\\tour\\vendor\\laravel\\framework\\src\\Illuminate\\Pipeline\\Pipeline.php(163): Illuminate\\Foundation\\Http\\Middleware\\CheckForMaintenanceMode->handle(Object(Illuminate\\Http\\Request), Object(Closure))
#55 C:\\Users\\Vivek\\Downloads\\Microsoft.SkypeApp_kzf8qxf38zg5c!App\\All\\tour\\vendor\\laravel\\framework\\src\\Illuminate\\Routing\\Pipeline.php(53): Illuminate\\Pipeline\\Pipeline->Illuminate\\Pipeline\\{closure}(Object(Illuminate\\Http\\Request))
#56 C:\\Users\\Vivek\\Downloads\\Microsoft.SkypeApp_kzf8qxf38zg5c!App\\All\\tour\\vendor\\laravel\\framework\\src\\Illuminate\\Pipeline\\Pipeline.php(104): Illuminate\\Routing\\Pipeline->Illuminate\\Routing\\{closure}(Object(Illuminate\\Http\\Request))
#57 C:\\Users\\Vivek\\Downloads\\Microsoft.SkypeApp_kzf8qxf38zg5c!App\\All\\tour\\vendor\\laravel\\framework\\src\\Illuminate\\Foundation\\Http\\Kernel.php(151): Illuminate\\Pipeline\\Pipeline->then(Object(Closure))
#58 C:\\Users\\Vivek\\Downloads\\Microsoft.SkypeApp_kzf8qxf38zg5c!App\\All\\tour\\vendor\\laravel\\framework\\src\\Illuminate\\Foundation\\Http\\Kernel.php(116): Illuminate\\Foundation\\Http\\Kernel->sendRequestThroughRouter(Object(Illuminate\\Http\\Request))
#59 C:\\Users\\Vivek\\Downloads\\Microsoft.SkypeApp_kzf8qxf38zg5c!App\\All\\tour\\public\\index.php(55): Illuminate\\Foundation\\Http\\Kernel->handle(Object(Illuminate\\Http\\Request))
#60 C:\\Users\\Vivek\\Downloads\\Microsoft.SkypeApp_kzf8qxf38zg5c!App\\All\\tour\\server.php(21): require_once('C:\\\\Users\\\\Vivek\\\\...')
#61 {main}
"} 
[2019-07-13 17:05:15] local.ERROR: SQLSTATE[HY000] [1049] Unknown database 'tour1' (SQL: select * from `ui_design` where (`page` = home and `section` = banner)) {"exception":"[object] (Illuminate\\Database\\QueryException(code: 1049): SQLSTATE[HY000] [1049] Unknown database 'tour1' (SQL: select * from `ui_design` where (`page` = home and `section` = banner)) at C:\\Users\\Vivek\\Downloads\\Microsoft.SkypeApp_kzf8qxf38zg5c!App\\All\\tour\\vendor\\laravel\\framework\\src\\Illuminate\\Database\\Connection.php:664, PDOException(code: 1049): SQLSTATE[HY000] [1049] Unknown database 'tour1' at C:\\Users\\Vivek\\Downloads\\Microsoft.SkypeApp_kzf8qxf38zg5c!App\\All\\tour\\vendor\\laravel\\framework\\src\\Illuminate\\Database\\Connectors\\Connector.php:70)
[stacktrace]
#0 C:\\Users\\Vivek\\Downloads\\Microsoft.SkypeApp_kzf8qxf38zg5c!App\\All\\tour\\vendor\\laravel\\framework\\src\\Illuminate\\Database\\Connection.php(624): Illuminate\\Database\\Connection->runQueryCallback('select * from `...', Array, Object(Closure))
#1 C:\\Users\\Vivek\\Downloads\\Microsoft.SkypeApp_kzf8qxf38zg5c!App\\All\\tour\\vendor\\laravel\\framework\\src\\Illuminate\\Database\\Connection.php(333): Illuminate\\Database\\Connection->run('select * from `...', Array, Object(Closure))
#2 C:\\Users\\Vivek\\Downloads\\Microsoft.SkypeApp_kzf8qxf38zg5c!App\\All\\tour\\vendor\\laravel\\framework\\src\\Illuminate\\Database\\Query\\Builder.php(2124): Illuminate\\Database\\Connection->select('select * from `...', Array, true)
#3 C:\\Users\\Vivek\\Downloads\\Microsoft.SkypeApp_kzf8qxf38zg5c!App\\All\\tour\\vendor\\laravel\\framework\\src\\Illuminate\\Database\\Query\\Builder.php(2112): Illuminate\\Database\\Query\\Builder->runSelect()
#4 C:\\Users\\Vivek\\Downloads\\Microsoft.SkypeApp_kzf8qxf38zg5c!App\\All\\tour\\vendor\\laravel\\framework\\src\\Illuminate\\Database\\Query\\Builder.php(2598): Illuminate\\Database\\Query\\Builder->Illuminate\\Database\\Query\\{closure}()
#5 C:\\Users\\Vivek\\Downloads\\Microsoft.SkypeApp_kzf8qxf38zg5c!App\\All\\tour\\vendor\\laravel\\framework\\src\\Illuminate\\Database\\Query\\Builder.php(2113): Illuminate\\Database\\Query\\Builder->onceWithColumns(Array, Object(Closure))
#6 C:\\Users\\Vivek\\Downloads\\Microsoft.SkypeApp_kzf8qxf38zg5c!App\\All\\tour\\vendor\\laravel\\framework\\src\\Illuminate\\Database\\Eloquent\\Builder.php(521): Illuminate\\Database\\Query\\Builder->get(Array)
#7 C:\\Users\\Vivek\\Downloads\\Microsoft.SkypeApp_kzf8qxf38zg5c!App\\All\\tour\\vendor\\laravel\\framework\\src\\Illuminate\\Database\\Eloquent\\Builder.php(505): Illuminate\\Database\\Eloquent\\Builder->getModels(Array)
#8 C:\\Users\\Vivek\\Downloads\\Microsoft.SkypeApp_kzf8qxf38zg5c!App\\All\\tour\\app\\Http\\Controllers\\enquiryController.php(52): Illuminate\\Database\\Eloquent\\Builder->get()
#9 [internal function]: App\\Http\\Controllers\\enquiryController->homePage()
#10 C:\\Users\\Vivek\\Downloads\\Microsoft.SkypeApp_kzf8qxf38zg5c!App\\All\\tour\\vendor\\laravel\\framework\\src\\Illuminate\\Routing\\Controller.php(54): call_user_func_array(Array, Array)
#11 C:\\Users\\Vivek\\Downloads\\Microsoft.SkypeApp_kzf8qxf38zg5c!App\\All\\tour\\vendor\\laravel\\framework\\src\\Illuminate\\Routing\\ControllerDispatcher.php(45): Illuminate\\Routing\\Controller->callAction('homePage', Array)
#12 C:\\Users\\Vivek\\Downloads\\Microsoft.SkypeApp_kzf8qxf38zg5c!App\\All\\tour\\vendor\\laravel\\framework\\src\\Illuminate\\Routing\\Route.php(219): Illuminate\\Routing\\ControllerDispatcher->dispatch(Object(Illuminate\\Routing\\Route), Object(App\\Http\\Controllers\\enquiryController), 'homePage')
#13 C:\\Users\\Vivek\\Downloads\\Microsoft.SkypeApp_kzf8qxf38zg5c!App\\All\\tour\\vendor\\laravel\\framework\\src\\Illuminate\\Routing\\Route.php(176): Illuminate\\Routing\\Route->runController()
#14 C:\\Users\\Vivek\\Downloads\\Microsoft.SkypeApp_kzf8qxf38zg5c!App\\All\\tour\\vendor\\laravel\\framework\\src\\Illuminate\\Routing\\Router.php(680): Illuminate\\Routing\\Route->run()
#15 C:\\Users\\Vivek\\Downloads\\Microsoft.SkypeApp_kzf8qxf38zg5c!App\\All\\tour\\vendor\\laravel\\framework\\src\\Illuminate\\Routing\\Pipeline.php(30): Illuminate\\Routing\\Router->Illuminate\\Routing\\{closure}(Object(Illuminate\\Http\\Request))
#16 C:\\Users\\Vivek\\Downloads\\Microsoft.SkypeApp_kzf8qxf38zg5c!App\\All\\tour\\vendor\\laravel\\framework\\src\\Illuminate\\Routing\\Middleware\\SubstituteBindings.php(41): Illuminate\\Routing\\Pipeline->Illuminate\\Routing\\{closure}(Object(Illuminate\\Http\\Request))
#17 C:\\Users\\Vivek\\Downloads\\Microsoft.SkypeApp_kzf8qxf38zg5c!App\\All\\tour\\vendor\\laravel\\framework\\src\\Illuminate\\Pipeline\\Pipeline.php(163): Illuminate\\Routing\\Middleware\\SubstituteBindings->handle(Object(Illuminate\\Http\\Request), Object(Closure))
#18 C:\\Users\\Vivek\\Downloads\\Microsoft.SkypeApp_kzf8qxf38zg5c!App\\All\\tour\\vendor\\laravel\\framework\\src\\Illuminate\\Routing\\Pipeline.php(53): Illuminate\\Pipeline\\Pipeline->Illuminate\\Pipeline\\{closure}(Object(Illuminate\\Http\\Request))
#19 C:\\Users\\Vivek\\Downloads\\Microsoft.SkypeApp_kzf8qxf38zg5c!App\\All\\tour\\vendor\\laravel\\framework\\src\\Illuminate\\Foundation\\Http\\Middleware\\VerifyCsrfToken.php(75): Illuminate\\Routing\\Pipeline->Illuminate\\Routing\\{closure}(Object(Illuminate\\Http\\Request))
#20 C:\\Users\\Vivek\\Downloads\\Microsoft.SkypeApp_kzf8qxf38zg5c!App\\All\\tour\\vendor\\laravel\\framework\\src\\Illuminate\\Pipeline\\Pipeline.php(163): Illuminate\\Foundation\\Http\\Middleware\\VerifyCsrfToken->handle(Object(Illuminate\\Http\\Request), Object(Closure))
#21 C:\\Users\\Vivek\\Downloads\\Microsoft.SkypeApp_kzf8qxf38zg5c!App\\All\\tour\\vendor\\laravel\\framework\\src\\Illuminate\\Routing\\Pipeline.php(53): Illuminate\\Pipeline\\Pipeline->Illuminate\\Pipeline\\{closure}(Object(Illuminate\\Http\\Request))
#22 C:\\Users\\Vivek\\Downloads\\Microsoft.SkypeApp_kzf8qxf38zg5c!App\\All\\tour\\vendor\\laravel\\framework\\src\\Illuminate\\View\\Middleware\\ShareErrorsFromSession.php(49): Illuminate\\Routing\\Pipeline->Illuminate\\Routing\\{closure}(Object(Illuminate\\Http\\Request))
#23 C:\\Users\\Vivek\\Downloads\\Microsoft.SkypeApp_kzf8qxf38zg5c!App\\All\\tour\\vendor\\laravel\\framework\\src\\Illuminate\\Pipeline\\Pipeline.php(163): Illuminate\\View\\Middleware\\ShareErrorsFromSession->handle(Object(Illuminate\\Http\\Request), Object(Closure))
#24 C:\\Users\\Vivek\\Downloads\\Microsoft.SkypeApp_kzf8qxf38zg5c!App\\All\\tour\\vendor\\laravel\\framework\\src\\Illuminate\\Routing\\Pipeline.php(53): Illuminate\\Pipeline\\Pipeline->Illuminate\\Pipeline\\{closure}(Object(Illuminate\\Http\\Request))
#25 C:\\Users\\Vivek\\Downloads\\Microsoft.SkypeApp_kzf8qxf38zg5c!App\\All\\tour\\vendor\\laravel\\framework\\src\\Illuminate\\Session\\Middleware\\StartSession.php(56): Illuminate\\Routing\\Pipeline->Illuminate\\Routing\\{closure}(Object(Illuminate\\Http\\Request))
#26 C:\\Users\\Vivek\\Downloads\\Microsoft.SkypeApp_kzf8qxf38zg5c!App\\All\\tour\\vendor\\laravel\\framework\\src\\Illuminate\\Pipeline\\Pipeline.php(163): Illuminate\\Session\\Middleware\\StartSession->handle(Object(Illuminate\\Http\\Request), Object(Closure))
#27 C:\\Users\\Vivek\\Downloads\\Microsoft.SkypeApp_kzf8qxf38zg5c!App\\All\\tour\\vendor\\laravel\\framework\\src\\Illuminate\\Routing\\Pipeline.php(53): Illuminate\\Pipeline\\Pipeline->Illuminate\\Pipeline\\{closure}(Object(Illuminate\\Http\\Request))
#28 C:\\Users\\Vivek\\Downloads\\Microsoft.SkypeApp_kzf8qxf38zg5c!App\\All\\tour\\vendor\\laravel\\framework\\src\\Illuminate\\Cookie\\Middleware\\AddQueuedCookiesToResponse.php(37): Illuminate\\Routing\\Pipeline->Illuminate\\Routing\\{closure}(Object(Illuminate\\Http\\Request))
#29 C:\\Users\\Vivek\\Downloads\\Microsoft.SkypeApp_kzf8qxf38zg5c!App\\All\\tour\\vendor\\laravel\\framework\\src\\Illuminate\\Pipeline\\Pipeline.php(163): Illuminate\\Cookie\\Middleware\\AddQueuedCookiesToResponse->handle(Object(Illuminate\\Http\\Request), Object(Closure))
#30 C:\\Users\\Vivek\\Downloads\\Microsoft.SkypeApp_kzf8qxf38zg5c!App\\All\\tour\\vendor\\laravel\\framework\\src\\Illuminate\\Routing\\Pipeline.php(53): Illuminate\\Pipeline\\Pipeline->Illuminate\\Pipeline\\{closure}(Object(Illuminate\\Http\\Request))
#31 C:\\Users\\Vivek\\Downloads\\Microsoft.SkypeApp_kzf8qxf38zg5c!App\\All\\tour\\vendor\\laravel\\framework\\src\\Illuminate\\Cookie\\Middleware\\EncryptCookies.php(66): Illuminate\\Routing\\Pipeline->Illuminate\\Routing\\{closure}(Object(Illuminate\\Http\\Request))
#32 C:\\Users\\Vivek\\Downloads\\Microsoft.SkypeApp_kzf8qxf38zg5c!App\\All\\tour\\vendor\\laravel\\framework\\src\\Illuminate\\Pipeline\\Pipeline.php(163): Illuminate\\Cookie\\Middleware\\EncryptCookies->handle(Object(Illuminate\\Http\\Request), Object(Closure))
#33 C:\\Users\\Vivek\\Downloads\\Microsoft.SkypeApp_kzf8qxf38zg5c!App\\All\\tour\\vendor\\laravel\\framework\\src\\Illuminate\\Routing\\Pipeline.php(53): Illuminate\\Pipeline\\Pipeline->Illuminate\\Pipeline\\{closure}(Object(Illuminate\\Http\\Request))
#34 C:\\Users\\Vivek\\Downloads\\Microsoft.SkypeApp_kzf8qxf38zg5c!App\\All\\tour\\vendor\\laravel\\framework\\src\\Illuminate\\Pipeline\\Pipeline.php(104): Illuminate\\Routing\\Pipeline->Illuminate\\Routing\\{closure}(Object(Illuminate\\Http\\Request))
#35 C:\\Users\\Vivek\\Downloads\\Microsoft.SkypeApp_kzf8qxf38zg5c!App\\All\\tour\\vendor\\laravel\\framework\\src\\Illuminate\\Routing\\Router.php(682): Illuminate\\Pipeline\\Pipeline->then(Object(Closure))
#36 C:\\Users\\Vivek\\Downloads\\Microsoft.SkypeApp_kzf8qxf38zg5c!App\\All\\tour\\vendor\\laravel\\framework\\src\\Illuminate\\Routing\\Router.php(657): Illuminate\\Routing\\Router->runRouteWithinStack(Object(Illuminate\\Routing\\Route), Object(Illuminate\\Http\\Request))
#37 C:\\Users\\Vivek\\Downloads\\Microsoft.SkypeApp_kzf8qxf38zg5c!App\\All\\tour\\vendor\\laravel\\framework\\src\\Illuminate\\Routing\\Router.php(623): Illuminate\\Routing\\Router->runRoute(Object(Illuminate\\Http\\Request), Object(Illuminate\\Routing\\Route))
#38 C:\\Users\\Vivek\\Downloads\\Microsoft.SkypeApp_kzf8qxf38zg5c!App\\All\\tour\\vendor\\laravel\\framework\\src\\Illuminate\\Routing\\Router.php(612): Illuminate\\Routing\\Router->dispatchToRoute(Object(Illuminate\\Http\\Request))
#39 C:\\Users\\Vivek\\Downloads\\Microsoft.SkypeApp_kzf8qxf38zg5c!App\\All\\tour\\vendor\\laravel\\framework\\src\\Illuminate\\Foundation\\Http\\Kernel.php(176): Illuminate\\Routing\\Router->dispatch(Object(Illuminate\\Http\\Request))
#40 C:\\Users\\Vivek\\Downloads\\Microsoft.SkypeApp_kzf8qxf38zg5c!App\\All\\tour\\vendor\\laravel\\framework\\src\\Illuminate\\Routing\\Pipeline.php(30): Illuminate\\Foundation\\Http\\Kernel->Illuminate\\Foundation\\Http\\{closure}(Object(Illuminate\\Http\\Request))
#41 C:\\Users\\Vivek\\Downloads\\Microsoft.SkypeApp_kzf8qxf38zg5c!App\\All\\tour\\vendor\\fideloper\\proxy\\src\\TrustProxies.php(57): Illuminate\\Routing\\Pipeline->Illuminate\\Routing\\{closure}(Object(Illuminate\\Http\\Request))
#42 C:\\Users\\Vivek\\Downloads\\Microsoft.SkypeApp_kzf8qxf38zg5c!App\\All\\tour\\vendor\\laravel\\framework\\src\\Illuminate\\Pipeline\\Pipeline.php(163): Fideloper\\Proxy\\TrustProxies->handle(Object(Illuminate\\Http\\Request), Object(Closure))
#43 C:\\Users\\Vivek\\Downloads\\Microsoft.SkypeApp_kzf8qxf38zg5c!App\\All\\tour\\vendor\\laravel\\framework\\src\\Illuminate\\Routing\\Pipeline.php(53): Illuminate\\Pipeline\\Pipeline->Illuminate\\Pipeline\\{closure}(Object(Illuminate\\Http\\Request))
#44 C:\\Users\\Vivek\\Downloads\\Microsoft.SkypeApp_kzf8qxf38zg5c!App\\All\\tour\\vendor\\laravel\\framework\\src\\Illuminate\\Foundation\\Http\\Middleware\\TransformsRequest.php(21): Illuminate\\Routing\\Pipeline->Illuminate\\Routing\\{closure}(Object(Illuminate\\Http\\Request))
#45 C:\\Users\\Vivek\\Downloads\\Microsoft.SkypeApp_kzf8qxf38zg5c!App\\All\\tour\\vendor\\laravel\\framework\\src\\Illuminate\\Pipeline\\Pipeline.php(163): Illuminate\\Foundation\\Http\\Middleware\\TransformsRequest->handle(Object(Illuminate\\Http\\Request), Object(Closure))
#46 C:\\Users\\Vivek\\Downloads\\Microsoft.SkypeApp_kzf8qxf38zg5c!App\\All\\tour\\vendor\\laravel\\framework\\src\\Illuminate\\Routing\\Pipeline.php(53): Illuminate\\Pipeline\\Pipeline->Illuminate\\Pipeline\\{closure}(Object(Illuminate\\Http\\Request))
#47 C:\\Users\\Vivek\\Downloads\\Microsoft.SkypeApp_kzf8qxf38zg5c!App\\All\\tour\\vendor\\laravel\\framework\\src\\Illuminate\\Foundation\\Http\\Middleware\\TransformsRequest.php(21): Illuminate\\Routing\\Pipeline->Illuminate\\Routing\\{closure}(Object(Illuminate\\Http\\Request))
#48 C:\\Users\\Vivek\\Downloads\\Microsoft.SkypeApp_kzf8qxf38zg5c!App\\All\\tour\\vendor\\laravel\\framework\\src\\Illuminate\\Pipeline\\Pipeline.php(163): Illuminate\\Foundation\\Http\\Middleware\\TransformsRequest->handle(Object(Illuminate\\Http\\Request), Object(Closure))
#49 C:\\Users\\Vivek\\Downloads\\Microsoft.SkypeApp_kzf8qxf38zg5c!App\\All\\tour\\vendor\\laravel\\framework\\src\\Illuminate\\Routing\\Pipeline.php(53): Illuminate\\Pipeline\\Pipeline->Illuminate\\Pipeline\\{closure}(Object(Illuminate\\Http\\Request))
#50 C:\\Users\\Vivek\\Downloads\\Microsoft.SkypeApp_kzf8qxf38zg5c!App\\All\\tour\\vendor\\laravel\\framework\\src\\Illuminate\\Foundation\\Http\\Middleware\\ValidatePostSize.php(27): Illuminate\\Routing\\Pipeline->Illuminate\\Routing\\{closure}(Object(Illuminate\\Http\\Request))
#51 C:\\Users\\Vivek\\Downloads\\Microsoft.SkypeApp_kzf8qxf38zg5c!App\\All\\tour\\vendor\\laravel\\framework\\src\\Illuminate\\Pipeline\\Pipeline.php(163): Illuminate\\Foundation\\Http\\Middleware\\ValidatePostSize->handle(Object(Illuminate\\Http\\Request), Object(Closure))
#52 C:\\Users\\Vivek\\Downloads\\Microsoft.SkypeApp_kzf8qxf38zg5c!App\\All\\tour\\vendor\\laravel\\framework\\src\\Illuminate\\Routing\\Pipeline.php(53): Illuminate\\Pipeline\\Pipeline->Illuminate\\Pipeline\\{closure}(Object(Illuminate\\Http\\Request))
#53 C:\\Users\\Vivek\\Downloads\\Microsoft.SkypeApp_kzf8qxf38zg5c!App\\All\\tour\\vendor\\laravel\\framework\\src\\Illuminate\\Foundation\\Http\\Middleware\\CheckForMaintenanceMode.php(62): Illuminate\\Routing\\Pipeline->Illuminate\\Routing\\{closure}(Object(Illuminate\\Http\\Request))
#54 C:\\Users\\Vivek\\Downloads\\Microsoft.SkypeApp_kzf8qxf38zg5c!App\\All\\tour\\vendor\\laravel\\framework\\src\\Illuminate\\Pipeline\\Pipeline.php(163): Illuminate\\Foundation\\Http\\Middleware\\CheckForMaintenanceMode->handle(Object(Illuminate\\Http\\Request), Object(Closure))
#55 C:\\Users\\Vivek\\Downloads\\Microsoft.SkypeApp_kzf8qxf38zg5c!App\\All\\tour\\vendor\\laravel\\framework\\src\\Illuminate\\Routing\\Pipeline.php(53): Illuminate\\Pipeline\\Pipeline->Illuminate\\Pipeline\\{closure}(Object(Illuminate\\Http\\Request))
#56 C:\\Users\\Vivek\\Downloads\\Microsoft.SkypeApp_kzf8qxf38zg5c!App\\All\\tour\\vendor\\laravel\\framework\\src\\Illuminate\\Pipeline\\Pipeline.php(104): Illuminate\\Routing\\Pipeline->Illuminate\\Routing\\{closure}(Object(Illuminate\\Http\\Request))
#57 C:\\Users\\Vivek\\Downloads\\Microsoft.SkypeApp_kzf8qxf38zg5c!App\\All\\tour\\vendor\\laravel\\framework\\src\\Illuminate\\Foundation\\Http\\Kernel.php(151): Illuminate\\Pipeline\\Pipeline->then(Object(Closure))
#58 C:\\Users\\Vivek\\Downloads\\Microsoft.SkypeApp_kzf8qxf38zg5c!App\\All\\tour\\vendor\\laravel\\framework\\src\\Illuminate\\Foundation\\Http\\Kernel.php(116): Illuminate\\Foundation\\Http\\Kernel->sendRequestThroughRouter(Object(Illuminate\\Http\\Request))
#59 C:\\Users\\Vivek\\Downloads\\Microsoft.SkypeApp_kzf8qxf38zg5c!App\\All\\tour\\public\\index.php(55): Illuminate\\Foundation\\Http\\Kernel->handle(Object(Illuminate\\Http\\Request))
#60 C:\\Users\\Vivek\\Downloads\\Microsoft.SkypeApp_kzf8qxf38zg5c!App\\All\\tour\\server.php(21): require_once('C:\\\\Users\\\\Vivek\\\\...')
#61 {main}
"} 
[2019-07-13 17:06:55] local.ERROR: Command "config" is not defined.

Did you mean one of these?
    config:cache
    config:clear {"exception":"[object] (Symfony\\Component\\Console\\Exception\\CommandNotFoundException(code: 0): Command \"config\" is not defined.

Did you mean one of these?
    config:cache
    config:clear at C:\\Users\\Vivek\\Downloads\\Microsoft.SkypeApp_kzf8qxf38zg5c!App\\All\\tour\\vendor\\symfony\\console\\Application.php:639)
[stacktrace]
#0 C:\\Users\\Vivek\\Downloads\\Microsoft.SkypeApp_kzf8qxf38zg5c!App\\All\\tour\\vendor\\symfony\\console\\Application.php(233): Symfony\\Component\\Console\\Application->find('config')
#1 C:\\Users\\Vivek\\Downloads\\Microsoft.SkypeApp_kzf8qxf38zg5c!App\\All\\tour\\vendor\\symfony\\console\\Application.php(145): Symfony\\Component\\Console\\Application->doRun(Object(Symfony\\Component\\Console\\Input\\ArgvInput), Object(Symfony\\Component\\Console\\Output\\ConsoleOutput))
#2 C:\\Users\\Vivek\\Downloads\\Microsoft.SkypeApp_kzf8qxf38zg5c!App\\All\\tour\\vendor\\laravel\\framework\\src\\Illuminate\\Console\\Application.php(90): Symfony\\Component\\Console\\Application->run(Object(Symfony\\Component\\Console\\Input\\ArgvInput), Object(Symfony\\Component\\Console\\Output\\ConsoleOutput))
#3 C:\\Users\\Vivek\\Downloads\\Microsoft.SkypeApp_kzf8qxf38zg5c!App\\All\\tour\\vendor\\laravel\\framework\\src\\Illuminate\\Foundation\\Console\\Kernel.php(133): Illuminate\\Console\\Application->run(Object(Symfony\\Component\\Console\\Input\\ArgvInput), Object(Symfony\\Component\\Console\\Output\\ConsoleOutput))
#4 C:\\Users\\Vivek\\Downloads\\Microsoft.SkypeApp_kzf8qxf38zg5c!App\\All\\tour\\artisan(37): Illuminate\\Foundation\\Console\\Kernel->handle(Object(Symfony\\Component\\Console\\Input\\ArgvInput), Object(Symfony\\Component\\Console\\Output\\ConsoleOutput))
#5 {main}
"} 
